Starting CAP Project Generator...
Using @sap/cds-dk [9.8.2] from /extbin/globals/pnpm/5/.pnpm/@sap+cds-dk@9.8.2_@eslint+js@10.0.1/node_modules/@sap/cds-dk
Using @sap/generator-cap-project [2.0.5] from [/extbin/globals/pnpm/5/.pnpm/@sap+generator-cap-project@2.0.5_encoding@0.1.13_mem-fs@2.1.0_yeoman-environment@3.19.3_@types+node@25.6.0_/node_modules/@sap/generator-cap-project]
Using root path [/home/user/projects]

Creating project with application-logging, approuter, audit-logging, destination, hana, html5-repo, mta, nodejs, pipeline, sample, xsuaa

Adding facet: nodejs
Adding facet: mta
Adding facet: sample
Adding facet: xsuaa
Adding facet: hana
Adding facet: approuter
Adding facet: destination
Adding facet: html5-repo
Adding facet: application-logging
Adding facet: audit-logging
Adding UI5 integration to the pipeline for the detected UI5 apps...
Adding facet: pipeline

Successfully initialized CAP project
Continue with: code BridgeManagement 
for information on project "Piper" and its pipelines see https://www.project-piper.io/


Installing dependencies...

added 272 packages, and audited 273 packages in 6s

38 packages are looking for funding
  run `npm fund` for details

found 0 vulnerabilities

Finished installing dependencies

Done setting up project BridgeManagement
Project is ready to use

